Arguments: 
  /usr/local/bin/node /Users/fruit/.cache/node/corepack/yarn/1.22.19/bin/yarn.js add pino

PATH: 
  /opt/homebrew/bin:/opt/homebrew/sbin:/opt/local/bin:/opt/local/sbin:/usr/local/bin:/System/Cryptexes/App/usr/bin:/usr/bin:/bin:/usr/sbin:/sbin:/Library/Apple/usr/bin:/Users/fruit/Library/Python/3.9/bin:/Users/fruit/.local/bin:/opt/homebrew/bin:/opt/homebrew/sbin:/opt/local/bin:/opt/local/sbin:/Users/fruit/.cargo/bin

Yarn version: 
  1.22.19

Node version: 
  18.12.1

Platform: 
  darwin arm64

Trace: 
  Error: getaddrinfo ENOTFOUND registry.yarnpkg.com
      at GetAddrInfoReqWrap.onlookup [as oncomplete] (node:dns:107:26)

npm manifest: 
  {
    "name": "restaurant_chatbot",
    "version": "1.0.0",
    "description": "AltSchool's 3rd semester exam. The objective is to create a restaurant chatbot that will enable customers to place orders of their choice, without human intervention.",
    "main": "index.js",
    "author": "Emmanuel Eni",
    "license": "MIT",
    "scripts": {
      "start": "node index.js",
      "dev": "nodemon index.js"
    }
  }

yarn manifest: 
  No manifest

Lockfile: 
  No lockfile
